<?xml version='1.0' encoding='UTF-8'?>
<testsuite hostname="sebin" name="kuplrg.Spec" tests="109" errors="0" failures="0" skipped="0" time="0.961" timestamp="2025-10-13T02:05:48">
          <properties>
[...]
</properties>
          <testcase classname="kuplrg.Spec" name="eval(&quot;42&quot;) should be &quot;42&quot;" time="0.122">
                      
                    </testcase><testcase classname="kuplrg.Spec" name="eval(&quot;true&quot;) should be &quot;true&quot;" time="0.005">
                      
                    </testcase><testcase classname="kuplrg.Spec" name="eval(&quot;false&quot;) should be &quot;false&quot;" time="0.003">
                      
                    </testcase><testcase classname="kuplrg.Spec" name="eval(&quot;x&quot;) should throw an error with a message &quot;free identifier&quot;" time="0.004">
                      
                    </testcase><testcase classname="kuplrg.Spec" name="eval(&quot;-(-42)&quot;) should be &quot;42&quot;" time="0.005">
                      
                    </testcase><testcase classname="kuplrg.Spec" name="eval(&quot;1 + 2&quot;) should be &quot;3&quot;" time="0.003">
                      
                    </testcase><testcase classname="kuplrg.Spec" name="eval(&quot;19 - 2&quot;) should be &quot;17&quot;" time="0.002">
                      
                    </testcase><testcase classname="kuplrg.Spec" name="eval(&quot;2 * 3&quot;) should be &quot;6&quot;" time="0.004">
                      
                    </testcase><testcase classname="kuplrg.Spec" name="eval(&quot;15 / 2&quot;) should be &quot;7&quot;" time="0.003">
                      
                    </testcase><testcase classname="kuplrg.Spec" name="eval(&quot;3 / 0&quot;) should throw an error with a message &quot;invalid operation&quot;" time="0.002">
                      
                    </testcase><testcase classname="kuplrg.Spec" name="eval(&quot;15 % -4&quot;) should be &quot;3&quot;" time="0.002">
                      
                    </testcase><testcase classname="kuplrg.Spec" name="eval(&quot;3 % 0&quot;) should throw an error with a message &quot;invalid operation&quot;" time="0.002">
                      
                    </testcase><testcase classname="kuplrg.Spec" name="eval(&quot;!true&quot;) should be &quot;false&quot;" time="0.001">
                      
                    </testcase><testcase classname="kuplrg.Spec" name="eval(&quot;!false&quot;) should be &quot;true&quot;" time="0.001">
                      
                    </testcase><testcase classname="kuplrg.Spec" name="eval(&quot;true &amp;&amp; true&quot;) should be &quot;true&quot;" time="0.002">
                      
                    </testcase><testcase classname="kuplrg.Spec" name="eval(&quot;true &amp;&amp; false&quot;) should be &quot;false&quot;" time="0.001">
                      
                    </testcase><testcase classname="kuplrg.Spec" name="eval(&quot;false &amp;&amp; true&quot;) should be &quot;false&quot;" time="0.002">
                      
                    </testcase><testcase classname="kuplrg.Spec" name="eval(&quot;false &amp;&amp; false&quot;) should be &quot;false&quot;" time="0.002">
                      
                    </testcase><testcase classname="kuplrg.Spec" name="eval(&quot;true || true&quot;) should be &quot;true&quot;" time="0.002">
                      
                    </testcase><testcase classname="kuplrg.Spec" name="eval(&quot;true || false&quot;) should be &quot;true&quot;" time="0.001">
                      
                    </testcase><testcase classname="kuplrg.Spec" name="eval(&quot;false || true&quot;) should be &quot;true&quot;" time="0.001">
                      
                    </testcase><testcase classname="kuplrg.Spec" name="eval(&quot;false || false&quot;) should be &quot;false&quot;" time="0.001">
                      
                    </testcase><testcase classname="kuplrg.Spec" name="eval(&quot;1 = 1&quot;) should be &quot;true&quot;" time="0.001">
                      
                    </testcase><testcase classname="kuplrg.Spec" name="eval(&quot;1 = 2&quot;) should be &quot;false&quot;" time="0.002">
                      
                    </testcase><testcase classname="kuplrg.Spec" name="eval(&quot;1 &lt;&gt; 1&quot;) should be &quot;false&quot;" time="0.002">
                      
                    </testcase><testcase classname="kuplrg.Spec" name="eval(&quot;true = 1&quot;) should be &quot;false&quot;" time="0.003">
                      
                    </testcase><testcase classname="kuplrg.Spec" name="eval(&quot;true = true&quot;) should be &quot;true&quot;" time="0.001">
                      
                    </testcase><testcase classname="kuplrg.Spec" name="eval(&quot;true = false&quot;) should be &quot;false&quot;" time="0.001">
                      
                    </testcase><testcase classname="kuplrg.Spec" name="eval(&quot;[] = []&quot;) should be &quot;true&quot;" time="0.003">
                      
                    </testcase><testcase classname="kuplrg.Spec" name="eval(&quot;[] = (1 :: [])&quot;) should be &quot;false&quot;" time="0.002">
                      
                    </testcase><testcase classname="kuplrg.Spec" name="eval(&quot;(2 :: []) = []&quot;) should be &quot;false&quot;" time="0.002">
                      
                    </testcase><testcase classname="kuplrg.Spec" name="eval(&quot;1 :: 2&quot;) should throw an error with a message &quot;not a list&quot;" time="0.001">
                      
                    </testcase><testcase classname="kuplrg.Spec" name="eval(&quot;[1; 2; 3] = 1 :: 2 :: 3 :: []&quot;) should be &quot;true&quot;" time="0.002">
                      
                    </testcase><testcase classname="kuplrg.Spec" name="eval(&quot;(1, 2, true) = (1, 2, true)&quot;) should be &quot;true&quot;" time="0.003">
                      
                    </testcase><testcase classname="kuplrg.Spec" name="eval(&quot;(fun x -&gt; x + 1) &lt;&gt; 42&quot;) should be &quot;true&quot;" time="0.011">
                      
                    </testcase><testcase classname="kuplrg.Spec" name="eval(&quot;(fun x -&gt; x + 1) = (fun x -&gt; x + 1)&quot;) should be &quot;false&quot;" time="0.003">
                      
                    </testcase><testcase classname="kuplrg.Spec" name="eval(&quot;(1, fun x -&gt; x) = (1, fun x -&gt; x)&quot;) should be &quot;false&quot;" time="0.002">
                      
                    </testcase><testcase classname="kuplrg.Spec" name="eval(&quot;[1; 2; (fun x -&gt; x); 5] = [1; 2; (fun x -&gt; x); 5]&quot;) should be &quot;false&quot;" time="0.003">
                      
                    </testcase><testcase classname="kuplrg.Spec" name="eval(&quot;(fun x -&gt; x) :: [] = (fun x -&gt; x) :: []&quot;) should be &quot;false&quot;" time="0.003">
                      
                    </testcase><testcase classname="kuplrg.Spec" name="eval(&quot;(1, 2, 3) &lt;&gt; [1; 2; 3]&quot;) should be &quot;true&quot;" time="0.002">
                      
                    </testcase><testcase classname="kuplrg.Spec" name="eval(&quot;1 &lt; 2&quot;) should be &quot;true&quot;" time="0.002">
                      
                    </testcase><testcase classname="kuplrg.Spec" name="eval(&quot;2 &gt;= 5&quot;) should be &quot;false&quot;" time="0.001">
                      
                    </testcase><testcase classname="kuplrg.Spec" name="eval(&quot;1 &lt;= 1&quot;) should be &quot;true&quot;" time="0.001">
                      
                    </testcase><testcase classname="kuplrg.Spec" name="eval(&quot;1 &gt; 1&quot;) should be &quot;false&quot;" time="0.001">
                      
                    </testcase><testcase classname="kuplrg.Spec" name="eval(&quot;1 &lt; true&quot;) should throw an error with a message &quot;invalid operation&quot;" time="0.002">
                      
                    </testcase><testcase classname="kuplrg.Spec" name="eval(&quot;if 3 &lt; 5 then 10 else 20&quot;) should be &quot;10&quot;" time="0.006">
                      
                    </testcase><testcase classname="kuplrg.Spec" name="eval(&quot;if 3 &gt; 5 then 10 else 20&quot;) should be &quot;20&quot;" time="0.001">
                      
                    </testcase><testcase classname="kuplrg.Spec" name="eval(&quot;if 3 &lt; 5 then 10 else 1 + true&quot;) should be &quot;10&quot;" time="0.001">
                      
                    </testcase><testcase classname="kuplrg.Spec" name="eval(&quot;if 3 &gt; 5 then 1 + true else 20&quot;) should be &quot;20&quot;" time="0.002">
                      
                    </testcase><testcase classname="kuplrg.Spec" name="eval(&quot;if 3 then 10 else 20&quot;) should throw an error with a message &quot;not a boolean&quot;" time="0.001">
                      
                    </testcase><testcase classname="kuplrg.Spec" name="eval(&quot;[]&quot;) should be &quot;[]&quot;" time="0.002">
                      
                    </testcase><testcase classname="kuplrg.Spec" name="eval(&quot;1 :: 2 :: 3 :: []&quot;) should be &quot;[1; 2; 3]&quot;" time="0.007">
                      
                    </testcase><testcase classname="kuplrg.Spec" name="eval(&quot;[4; 2; 3]&quot;) should be &quot;[4; 2; 3]&quot;" time="0.002">
                      
                    </testcase><testcase classname="kuplrg.Spec" name="eval(&quot;let x = 42 in x + 1&quot;) should be &quot;43&quot;" time="0.007">
                      
                    </testcase><testcase classname="kuplrg.Spec" name="eval(&quot;let x = 1 in let y = 2 in x + y&quot;) should be &quot;3&quot;" time="0.001">
                      
                    </testcase><testcase classname="kuplrg.Spec" name="eval(&quot;let (x, y) = (1, 2) in x + y&quot;) should be &quot;3&quot;" time="0.008">
                      
                    </testcase><testcase classname="kuplrg.Spec" name="eval(&quot;let (x, y, z) = 42 in x&quot;) should throw an error with a message &quot;invalid pattern match&quot;" time="0.003">
                      
                    </testcase><testcase classname="kuplrg.Spec" name="eval(&quot;let (1, y) = (1, 2) in y&quot;) should be &quot;2&quot;" time="0.003">
                      
                    </testcase><testcase classname="kuplrg.Spec" name="eval(&quot;let (1, y) = (2, 3) in y&quot;) should throw an error with a message &quot;invalid pattern match&quot;" time="0.002">
                      
                    </testcase><testcase classname="kuplrg.Spec" name="eval(&quot;let h :: _ = [1; 2; 3] in h&quot;) should be &quot;1&quot;" time="0.007">
                      
                    </testcase><testcase classname="kuplrg.Spec" name="eval(&quot;let [x; y] = [1; 2] in x + y&quot;) should be &quot;3&quot;" time="0.007">
                      
                    </testcase><testcase classname="kuplrg.Spec" name="eval(&quot;let [x; y] = [1; 2; 3] in x + y&quot;) should throw an error with a message &quot;invalid pattern match&quot;" time="0.002">
                      
                    </testcase><testcase classname="kuplrg.Spec" name="eval(&quot;(let x = 1 in x) + (let y = 2 in y)&quot;) should be &quot;3&quot;" time="0.002">
                      
                    </testcase><testcase classname="kuplrg.Spec" name="eval(&quot;(let x = 42 in x + 1) + x&quot;) should throw an error with a message &quot;free identifier&quot;" time="0.001">
                      
                    </testcase><testcase classname="kuplrg.Spec" name="eval(&quot;fun x -&gt; x + 1&quot;) should be &quot;&lt;function&gt;&quot;" time="0.001">
                      
                    </testcase><testcase classname="kuplrg.Spec" name="eval(&quot;fun () -&gt; x&quot;) should be &quot;&lt;function&gt;&quot;" time="0.001">
                      
                    </testcase><testcase classname="kuplrg.Spec" name="eval(&quot;(fun x -&gt; x + 2) 3&quot;) should be &quot;5&quot;" time="0.006">
                      
                    </testcase><testcase classname="kuplrg.Spec" name="eval(&quot;let addN n m = n + m in let add3 = addN 3 in add3 4&quot;) should be &quot;7&quot;" time="0.005">
                      
                    </testcase><testcase classname="kuplrg.Spec" name="eval(&quot;let g = fun () -&gt; 1 + 2 in g ()&quot;) should be &quot;3&quot;" time="0.002">
                      
                    </testcase><testcase classname="kuplrg.Spec" name="eval(&quot;let f = fun (a, b, c) -&gt; a + b + c in f (1, 2, 3)&quot;) should be &quot;6&quot;" time="0.001">
                      
                    </testcase><testcase classname="kuplrg.Spec" name="eval(&quot;let x = 42 in let f = fun y -&gt; x + y in let x = 3 in f 1&quot;) should be &quot;43&quot;" time="0.004">
                      
                    </testcase><testcase classname="kuplrg.Spec" name="eval(&quot;42 true&quot;) should throw an error with a message &quot;not a function&quot;" time="0.001">
                      
                    </testcase><testcase classname="kuplrg.Spec" name="eval(&quot;let rec f x y = x + y in f 1&quot;) should be &quot;&lt;function&gt;&quot;" time="0.019">
                      
                    </testcase><testcase classname="kuplrg.Spec" name="eval(&quot;let rec g y = f (y + 1) and f x = x * 2 in g 3&quot;) should be &quot;8&quot;" time="0.002">
                      
                    </testcase><testcase classname="kuplrg.Spec" name="eval(&quot;let f x = match x with | 0 -&gt; 0 | _ -&gt; 1 in f 0&quot;) should be &quot;0&quot;" time="0.017">
                      
                    </testcase><testcase classname="kuplrg.Spec" name="eval(&quot;let f x = match x with | 0 -&gt; 0 | _ -&gt; 1 in f 42&quot;) should be &quot;1&quot;" time="0.002">
                      
                    </testcase><testcase classname="kuplrg.Spec" name="eval(&quot;let f x = match x with | 0 -&gt; 0 | _ -&gt; 1 in f true&quot;) should be &quot;1&quot;" time="0.001">
                      
                    </testcase><testcase classname="kuplrg.Spec" name="eval(&quot;let f x = match x with | 0 -&gt; 0 | _ -&gt; y in f 0&quot;) should be &quot;0&quot;" time="0.002">
                      
                    </testcase><testcase classname="kuplrg.Spec" name="eval(&quot;let f x = match x with | 0 -&gt; 0 | 0 -&gt; 1 in f 0&quot;) should be &quot;0&quot;" time="0.001">
                      
                    </testcase><testcase classname="kuplrg.Spec" name="eval(&quot;let f x = match x with | 0 -&gt; 0 in f 42&quot;) should throw an error with a message &quot;unmatched value&quot;" time="0.001">
                      
                    </testcase><testcase classname="kuplrg.Spec" name="eval(&quot;let f x = match x with | true -&gt; -1 in f 0&quot;) should throw an error with a message &quot;unmatched value&quot;" time="0.006">
                      
                    </testcase><testcase classname="kuplrg.Spec" name="eval(&quot;let f opt = match opt with | None -&gt; 0 | Some x -&gt; x in f (Some  ... should be &quot;42&quot;" time="0.013">
                      
                    </testcase><testcase classname="kuplrg.Spec" name="eval(&quot;let rec sum x = if x &lt; 1 then 0 else x + sum (x - 1) in sum 10&quot;) should be &quot;55&quot;" time="0.002">
                      
                    </testcase><testcase classname="kuplrg.Spec" name="eval(&quot;let rec mod(x, y) = if x &lt; y then x else mod(x-y, y) in mod(42,  ... should be &quot;2&quot;" time="0.002">
                      
                    </testcase><testcase classname="kuplrg.Spec" name="eval(&quot;\r\n    let rec len l =\r\n      match l with \r\n      | [] -&gt;  ... should be &quot;3&quot;" time="0.004">
                      
                    </testcase><testcase classname="kuplrg.Spec" name="eval(&quot;\r\n      let rec len l =\r\n        match l with \r\n        |  ... should be &quot;3&quot;" time="0.003">
                      
                    </testcase><testcase classname="kuplrg.Spec" name="eval(&quot;\r\n      let rec alternate l1 l2 =\r\n        match l1, l2 with ... should be &quot;[1; 4; 2; 5; 3; 6]&quot;" time="0.003">
                      
                    </testcase><testcase classname="kuplrg.Spec" name="eval(&quot;\r\n      let rec flatten l =\r\n        let rec aux l1 l2 =\r\n ... should be &quot;[1; [2; 3]; 4; 5; 6]&quot;" time="0.005">
                      
                    </testcase><testcase classname="kuplrg.Spec" name="eval(expr1) should be &quot;36&quot;" time="0.003">
                      
                    </testcase><testcase classname="kuplrg.Spec" name="eval(expr2) should be &quot;3628800&quot;" time="0.001">
                      
                    </testcase><testcase classname="kuplrg.Spec" name="eval(expr3) should be &quot;true&quot;" time="0.014">
                      
                    </testcase><testcase classname="kuplrg.Spec" name="eval(expr4) should be &quot;5050&quot;" time="0.003">
                      
                    </testcase><testcase classname="kuplrg.Spec" name="eval(expr5) should be &quot;128&quot;" time="0.006">
                      
                    </testcase><testcase classname="kuplrg.Spec" name="eval(expr6) should be &quot;547&quot;" time="0.025">
                      
                    </testcase><testcase classname="kuplrg.Spec" name="eval(expr7) should be &quot;45&quot;" time="0.003">
                      
                    </testcase><testcase classname="kuplrg.Spec" name="eval(expr8) should be &quot;165&quot;" time="0.003">
                      
                    </testcase><testcase classname="kuplrg.Spec" name="eval(expr9) should be &quot;true&quot;" time="0.004">
                      
                    </testcase><testcase classname="kuplrg.Spec" name="eval(expr10) should be &quot;[2; 2; 2; 3; 3; 13]&quot;" time="0.004">
                      
                    </testcase><testcase classname="kuplrg.Spec" name="eval(expr11) should be &quot;55&quot;" time="0.004">
                      
                    </testcase><testcase classname="kuplrg.Spec" name="eval(expr12) should be &quot;3628800&quot;" time="0.003">
                      
                    </testcase><testcase classname="kuplrg.Spec" name="eval(expr13) should be &quot;((Some 1), None)&quot;" time="0.004">
                      
                    </testcase><testcase classname="kuplrg.Spec" name="eval(expr14) should be &quot;[1; 2; 3; 4; 5; 6; 7; 8]&quot;" time="0.003">
                      
                    </testcase><testcase classname="kuplrg.Spec" name="eval(expr15) should be &quot;[(9, 2); (2, 0)]&quot;" time="0.003">
                      
                    </testcase><testcase classname="kuplrg.Spec" name="eval(expr16) should be &quot;[(42, 4); (13, 2); (7, 3)]&quot;" time="0.006">
                      
                    </testcase><testcase classname="kuplrg.Spec" name="eval(expr17) should be &quot;((Some (1, 9)), None)&quot;" time="0.007">
                      
                    </testcase><testcase classname="kuplrg.Spec" name="eval(expr18) should be &quot;92&quot;" time="0.28">
                      
                    </testcase><testcase classname="kuplrg.Spec" name="eval(expr19) should be &quot;[(60, [0]); (100, [1]); (160, [0; 1]); (180, [0; 2]); (220, [1; 2])]&quot;" time="0.006">
                      
                    </testcase><testcase classname="kuplrg.Spec" name="eval(expr20) should be &quot;(Some [[5; 7; 8; 2; 3; 4; 6; 1; 9]; [4; 3; 2; 6; 1; 9; 8; 7; 5]; [9;  ..." time="0.18">
                      
                    </testcase><testcase classname="kuplrg.Spec" name="afterAllPass(eval(hanoiMovesExpr(3, 0, 1, 2))) should be &quot;[(0, 2); (0, 1); (2, 1); (0, 2); (1, 0); (1, 2); (0, 2)]&quot;" time="0.005">
                      
                    </testcase>
          <system-out><![CDATA[]]></system-out>
          <system-err><![CDATA[]]></system-err>
        </testsuite>